<?xml version="1.0" encoding="UTF-8"?>
<!-- Generated by org.testng.reporters.JUnitReportReporter -->
<testsuite hostname="Diksha" failures="0" tests="2" name="Tests.Test1" time="14.854" errors="0" timestamp="16 Jul 2024 11:45:26 GMT" skipped="0">
  <testcase classname="Tests.Test1" name="submitOrder" time="8.889"/>
  <testcase classname="Tests.Test1" name="submitOrder" time="5.965"/>
</testsuite> <!-- Tests.Test1 -->
