<?xml version="1.0" encoding="UTF-8"?>
<!-- Generated by org.testng.reporters.JUnitReportReporter -->
<testsuite hostname="Diksha" failures="0" tests="2" name="Tests.Test1" time="13.341" errors="0" timestamp="16 Jul 2024 13:18:48 GMT" skipped="0">
  <testcase classname="Tests.Test1" name="submitOrder" time="7.344"/>
  <testcase classname="Tests.Test1" name="submitOrder" time="5.997"/>
</testsuite> <!-- Tests.Test1 -->
